Quick-Cocos2dx-Community C++ support ready.

------------------------------------------------

LOAD LUA FILE: C:/mypj/hello/src/main.lua

------------------------------------------------

[LUA-print] ===========================================================

[LUA-print]               LOAD QUICK FRAMEWORK

[LUA-print] ===========================================================

[LUA-print] [INFO] 

[LUA-print] [INFO] # DEBUG                        = 1

[LUA-print] [INFO] #

[LUA-print] [INFO] # device.platform              = windows

[LUA-print] [INFO] # device.model                 = unknown

[LUA-print] [INFO] # device.language              = cn

[LUA-print] [INFO] # device.writablePath          = C:\mypj\hello\

[LUA-print] [INFO] # device.directorySeparator    = \

[LUA-print] [INFO] # device.pathSeparator         = ;

[LUA-print] [INFO] #

[LUA-print] [INFO] # CONFIG_SCREEN_AUTOSCALE      = FIXED_WIDTH

[LUA-print] [INFO] # CONFIG_SCREEN_WIDTH          = 640.00

[LUA-print] [INFO] # CONFIG_SCREEN_HEIGHT         = 1066.67

[LUA-print] [INFO] # display.widthInPixels        = 480.00

[LUA-print] [INFO] # display.heightInPixels       = 800.00

[LUA-print] [INFO] # display.contentScaleFactor   = 0.75

[LUA-print] [INFO] # display.width                = 640.00

[LUA-print] [INFO] # display.height               = 1066.67

[LUA-print] [INFO] # display.cx                   = 320.00

[LUA-print] [INFO] # display.cy                   = 533.33

[LUA-print] [INFO] # display.left                 = 0.00

[LUA-print] [INFO] # display.right                = 640.00

[LUA-print] [INFO] # display.top                  = 1066.67

[LUA-print] [INFO] # display.bottom               = 0.00

[LUA-print] [INFO] # display.c_left               = -320.00

[LUA-print] [INFO] # display.c_right              = 320.00

[LUA-print] [INFO] # display.c_top                = 533.33

[LUA-print] [INFO] # display.c_bottom             = -533.33

[LUA-print] [INFO] #

